<?xml version="1.0" encoding="UTF-8"?>
<testsuite xmlns:xsi="http://www.w3.org/2001/XMLSchema-instance" xsi:noNamespaceSchemaLocation="https://maven.apache.org/surefire/maven-surefire-plugin/xsd/surefire-test-report-3.0.xsd" version="3.0" name="com.hellblazer.art.core.ParametersTest" time="0.023" tests="21" errors="0" skipped="0" failures="0">
  <properties>
    <property name="java.specification.version" value="24"/>
    <property name="sun.jnu.encoding" value="UTF-8"/>
    <property name="java.class.path" value="/Users/hal.hildebrand/git/ART/art-core/target/test-classes:/Users/hal.hildebrand/git/ART/art-core/target/classes:/Users/hal.hildebrand/.m2/repository/com/google/guava/guava/32.0.1-jre/guava-32.0.1-jre.jar:/Users/hal.hildebrand/.m2/repository/com/google/guava/failureaccess/1.0.1/failureaccess-1.0.1.jar:/Users/hal.hildebrand/.m2/repository/com/google/guava/listenablefuture/9999.0-empty-to-avoid-conflict-with-guava/listenablefuture-9999.0-empty-to-avoid-conflict-with-guava.jar:/Users/hal.hildebrand/.m2/repository/com/google/code/findbugs/jsr305/3.0.2/jsr305-3.0.2.jar:/Users/hal.hildebrand/.m2/repository/org/checkerframework/checker-qual/3.33.0/checker-qual-3.33.0.jar:/Users/hal.hildebrand/.m2/repository/com/google/errorprone/error_prone_annotations/2.18.0/error_prone_annotations-2.18.0.jar:/Users/hal.hildebrand/.m2/repository/com/google/j2objc/j2objc-annotations/2.8/j2objc-annotations-2.8.jar:/Users/hal.hildebrand/.m2/repository/org/apache/commons/commons-lang3/3.12.0/commons-lang3-3.12.0.jar:/Users/hal.hildebrand/.m2/repository/org/joml/joml/1.10.5/joml-1.10.5.jar:/Users/hal.hildebrand/.m2/repository/org/slf4j/slf4j-api/2.0.16/slf4j-api-2.0.16.jar:/Users/hal.hildebrand/.m2/repository/org/junit/jupiter/junit-jupiter/5.9.1/junit-jupiter-5.9.1.jar:/Users/hal.hildebrand/.m2/repository/org/junit/jupiter/junit-jupiter-api/5.9.1/junit-jupiter-api-5.9.1.jar:/Users/hal.hildebrand/.m2/repository/org/opentest4j/opentest4j/1.2.0/opentest4j-1.2.0.jar:/Users/hal.hildebrand/.m2/repository/org/junit/platform/junit-platform-commons/1.9.1/junit-platform-commons-1.9.1.jar:/Users/hal.hildebrand/.m2/repository/org/apiguardian/apiguardian-api/1.1.2/apiguardian-api-1.1.2.jar:/Users/hal.hildebrand/.m2/repository/org/junit/jupiter/junit-jupiter-params/5.9.1/junit-jupiter-params-5.9.1.jar:/Users/hal.hildebrand/.m2/repository/org/junit/jupiter/junit-jupiter-engine/5.9.1/junit-jupiter-engine-5.9.1.jar:/Users/hal.hildebrand/.m2/repository/org/junit/platform/junit-platform-engine/1.9.1/junit-platform-engine-1.9.1.jar:/Users/hal.hildebrand/.m2/repository/org/mockito/mockito-core/4.8.1/mockito-core-4.8.1.jar:/Users/hal.hildebrand/.m2/repository/net/bytebuddy/byte-buddy/1.12.16/byte-buddy-1.12.16.jar:/Users/hal.hildebrand/.m2/repository/net/bytebuddy/byte-buddy-agent/1.12.16/byte-buddy-agent-1.12.16.jar:/Users/hal.hildebrand/.m2/repository/org/objenesis/objenesis/3.2/objenesis-3.2.jar:/Users/hal.hildebrand/.m2/repository/ch/qos/logback/logback-classic/1.5.13/logback-classic-1.5.13.jar:/Users/hal.hildebrand/.m2/repository/ch/qos/logback/logback-core/1.5.13/logback-core-1.5.13.jar:"/>
    <property name="java.vm.vendor" value="Oracle Corporation"/>
    <property name="sun.arch.data.model" value="64"/>
    <property name="java.vendor.url" value="https://java.oracle.com/"/>
    <property name="os.name" value="Mac OS X"/>
    <property name="java.vm.specification.version" value="24"/>
    <property name="sun.java.launcher" value="SUN_STANDARD"/>
    <property name="user.country" value="US"/>
    <property name="sun.boot.library.path" value="/Users/hal.hildebrand/.sdkman/candidates/java/24-graal/lib"/>
    <property name="sun.java.command" value="/Users/hal.hildebrand/git/ART/art-core/target/surefire/surefirebooter-20250823174844080_3.jar /Users/hal.hildebrand/git/ART/art-core/target/surefire 2025-08-23T17-48-43_998-jvmRun1 surefire-20250823174844080_1tmp surefire_0-20250823174844080_2tmp"/>
    <property name="http.nonProxyHosts" value="local|*.local|169.254/16|*.169.254/16"/>
    <property name="jdk.debug" value="release"/>
    <property name="surefire.test.class.path" value="/Users/hal.hildebrand/git/ART/art-core/target/test-classes:/Users/hal.hildebrand/git/ART/art-core/target/classes:/Users/hal.hildebrand/.m2/repository/com/google/guava/guava/32.0.1-jre/guava-32.0.1-jre.jar:/Users/hal.hildebrand/.m2/repository/com/google/guava/failureaccess/1.0.1/failureaccess-1.0.1.jar:/Users/hal.hildebrand/.m2/repository/com/google/guava/listenablefuture/9999.0-empty-to-avoid-conflict-with-guava/listenablefuture-9999.0-empty-to-avoid-conflict-with-guava.jar:/Users/hal.hildebrand/.m2/repository/com/google/code/findbugs/jsr305/3.0.2/jsr305-3.0.2.jar:/Users/hal.hildebrand/.m2/repository/org/checkerframework/checker-qual/3.33.0/checker-qual-3.33.0.jar:/Users/hal.hildebrand/.m2/repository/com/google/errorprone/error_prone_annotations/2.18.0/error_prone_annotations-2.18.0.jar:/Users/hal.hildebrand/.m2/repository/com/google/j2objc/j2objc-annotations/2.8/j2objc-annotations-2.8.jar:/Users/hal.hildebrand/.m2/repository/org/apache/commons/commons-lang3/3.12.0/commons-lang3-3.12.0.jar:/Users/hal.hildebrand/.m2/repository/org/joml/joml/1.10.5/joml-1.10.5.jar:/Users/hal.hildebrand/.m2/repository/org/slf4j/slf4j-api/2.0.16/slf4j-api-2.0.16.jar:/Users/hal.hildebrand/.m2/repository/org/junit/jupiter/junit-jupiter/5.9.1/junit-jupiter-5.9.1.jar:/Users/hal.hildebrand/.m2/repository/org/junit/jupiter/junit-jupiter-api/5.9.1/junit-jupiter-api-5.9.1.jar:/Users/hal.hildebrand/.m2/repository/org/opentest4j/opentest4j/1.2.0/opentest4j-1.2.0.jar:/Users/hal.hildebrand/.m2/repository/org/junit/platform/junit-platform-commons/1.9.1/junit-platform-commons-1.9.1.jar:/Users/hal.hildebrand/.m2/repository/org/apiguardian/apiguardian-api/1.1.2/apiguardian-api-1.1.2.jar:/Users/hal.hildebrand/.m2/repository/org/junit/jupiter/junit-jupiter-params/5.9.1/junit-jupiter-params-5.9.1.jar:/Users/hal.hildebrand/.m2/repository/org/junit/jupiter/junit-jupiter-engine/5.9.1/junit-jupiter-engine-5.9.1.jar:/Users/hal.hildebrand/.m2/repository/org/junit/platform/junit-platform-engine/1.9.1/junit-platform-engine-1.9.1.jar:/Users/hal.hildebrand/.m2/repository/org/mockito/mockito-core/4.8.1/mockito-core-4.8.1.jar:/Users/hal.hildebrand/.m2/repository/net/bytebuddy/byte-buddy/1.12.16/byte-buddy-1.12.16.jar:/Users/hal.hildebrand/.m2/repository/net/bytebuddy/byte-buddy-agent/1.12.16/byte-buddy-agent-1.12.16.jar:/Users/hal.hildebrand/.m2/repository/org/objenesis/objenesis/3.2/objenesis-3.2.jar:/Users/hal.hildebrand/.m2/repository/ch/qos/logback/logback-classic/1.5.13/logback-classic-1.5.13.jar:/Users/hal.hildebrand/.m2/repository/ch/qos/logback/logback-core/1.5.13/logback-core-1.5.13.jar:"/>
    <property name="sun.cpu.endian" value="little"/>
    <property name="user.home" value="/Users/hal.hildebrand"/>
    <property name="user.language" value="en"/>
    <property name="java.specification.vendor" value="Oracle Corporation"/>
    <property name="java.version.date" value="2025-03-18"/>
    <property name="java.home" value="/Users/hal.hildebrand/.sdkman/candidates/java/24-graal"/>
    <property name="file.separator" value="/"/>
    <property name="basedir" value="/Users/hal.hildebrand/git/ART/art-core"/>
    <property name="java.vm.compressedOopsMode" value="Non-zero based"/>
    <property name="jdk.internal.vm.ci.enabled" value="true"/>
    <property name="line.separator" value="&#10;"/>
    <property name="java.vm.specification.vendor" value="Oracle Corporation"/>
    <property name="java.specification.name" value="Java Platform API Specification"/>
    <property name="apple.awt.application.name" value="ForkedBooter"/>
    <property name="surefire.real.class.path" value="/Users/hal.hildebrand/git/ART/art-core/target/surefire/surefirebooter-20250823174844080_3.jar"/>
    <property name="sun.management.compiler" value="HotSpot 64-Bit Tiered Compilers"/>
    <property name="ftp.nonProxyHosts" value="local|*.local|169.254/16|*.169.254/16"/>
    <property name="java.runtime.version" value="24+36-jvmci-b01"/>
    <property name="user.name" value="hal.hildebrand"/>
    <property name="stdout.encoding" value="UTF-8"/>
    <property name="path.separator" value=":"/>
    <property name="os.version" value="15.6"/>
    <property name="java.runtime.name" value="Java(TM) SE Runtime Environment"/>
    <property name="file.encoding" value="UTF-8"/>
    <property name="java.vm.name" value="Java HotSpot(TM) 64-Bit Server VM"/>
    <property name="java.vendor.version" value="Oracle GraalVM 24+36.1"/>
    <property name="localRepository" value="/Users/hal.hildebrand/.m2/repository"/>
    <property name="java.vendor.url.bug" value="https://bugreport.java.com/bugreport/"/>
    <property name="java.io.tmpdir" value="/var/folders/57/ghpx07d96d50v1g9d2531jx80000gn/T/"/>
    <property name="java.version" value="24"/>
    <property name="user.dir" value="/Users/hal.hildebrand/git/ART/art-core"/>
    <property name="os.arch" value="aarch64"/>
    <property name="java.vm.specification.name" value="Java Virtual Machine Specification"/>
    <property name="native.encoding" value="UTF-8"/>
    <property name="java.library.path" value="/Users/hal.hildebrand/Library/Java/Extensions:/Library/Java/Extensions:/Network/Library/Java/Extensions:/System/Library/Java/Extensions:/usr/lib/java:."/>
    <property name="java.vm.info" value="mixed mode, sharing"/>
    <property name="stderr.encoding" value="UTF-8"/>
    <property name="java.vendor" value="Oracle Corporation"/>
    <property name="java.vm.version" value="24+36-jvmci-b01"/>
    <property name="sun.io.unicode.encoding" value="UnicodeBig"/>
    <property name="socksNonProxyHosts" value="local|*.local|169.254/16|*.169.254/16"/>
    <property name="java.class.version" value="68.0"/>
  </properties>
  <testcase name="testHypersphereParametersDefaults" classname="com.hellblazer.art.core.ParametersTest" time="0.001"/>
  <testcase name="testParametersEquality" classname="com.hellblazer.art.core.ParametersTest" time="0.006"/>
  <testcase name="testGaussianParametersDefaultSigma" classname="com.hellblazer.art.core.ParametersTest" time="0"/>
  <testcase name="testParametersWithMethods" classname="com.hellblazer.art.core.ParametersTest" time="0.001"/>
  <testcase name="testFuzzyParametersAlphaValidation(double)[1]" classname="com.hellblazer.art.core.ParametersTest" time="0.002"/>
  <testcase name="testFuzzyParametersAlphaValidation(double)[2]" classname="com.hellblazer.art.core.ParametersTest" time="0"/>
  <testcase name="testFuzzyParametersDefaults" classname="com.hellblazer.art.core.ParametersTest" time="0"/>
  <testcase name="testHypersphereParametersRadiusValidation" classname="com.hellblazer.art.core.ParametersTest" time="0.001"/>
  <testcase name="testFuzzyParametersBetaValidation(double)[1]" classname="com.hellblazer.art.core.ParametersTest" time="0"/>
  <testcase name="testFuzzyParametersBetaValidation(double)[2]" classname="com.hellblazer.art.core.ParametersTest" time="0"/>
  <testcase name="testFuzzyParametersBetaValidation(double)[3]" classname="com.hellblazer.art.core.ParametersTest" time="0.001"/>
  <testcase name="testFuzzyParametersBetaValidation(double)[4]" classname="com.hellblazer.art.core.ParametersTest" time="0"/>
  <testcase name="testFuzzyParameters" classname="com.hellblazer.art.core.ParametersTest" time="0"/>
  <testcase name="testGaussianParametersSigmaValidation" classname="com.hellblazer.art.core.ParametersTest" time="0.001"/>
  <testcase name="testHypersphereParameters" classname="com.hellblazer.art.core.ParametersTest" time="0.001"/>
  <testcase name="testFuzzyParametersVigilanceValidation(double)[1]" classname="com.hellblazer.art.core.ParametersTest" time="0.001"/>
  <testcase name="testFuzzyParametersVigilanceValidation(double)[2]" classname="com.hellblazer.art.core.ParametersTest" time="0"/>
  <testcase name="testFuzzyParametersVigilanceValidation(double)[3]" classname="com.hellblazer.art.core.ParametersTest" time="0.001"/>
  <testcase name="testFuzzyParametersVigilanceValidation(double)[4]" classname="com.hellblazer.art.core.ParametersTest" time="0"/>
  <testcase name="testParametersBuilder" classname="com.hellblazer.art.core.ParametersTest" time="0.001"/>
  <testcase name="testGaussianParameters" classname="com.hellblazer.art.core.ParametersTest" time="0"/>
</testsuite>